[2025-07-09 16:59:09] local.INFO: ðŸ”¹ Employee Attendance Data Updated in Session {"filters":{"month":"Jul","year":"2025","role_id":"54"}} 
[2025-07-09 16:59:09] local.INFO: âœ… hrdailyAttendanceFilter function started.  
[2025-07-09 16:59:09] local.INFO: ðŸ“Œ Filter request received: {"month":"Jul","year":"2025","role_id":"54"} 
[2025-07-09 16:59:09] local.INFO: ðŸ“Œ Active session: {"session_id":34} 
[2025-07-09 16:59:09] local.INFO: ðŸ“Œ Role retrieved: {"role_name":"admin.navigation"} 
[2025-07-09 16:59:09] local.INFO: ðŸ“Œ Date Range: {"first_date":"2025-07-01 00:00:00","last_date":"2025-07-31 23:59:59"} 
[2025-07-09 16:59:09] local.INFO: âœ… HR Admin detected, fetching attendance data.  
[2025-07-09 16:59:09] local.INFO: ðŸ“Œ Filtering attendance for hr_roles_role_id: {"hr_roles_role_id":"54"} 
[2025-07-09 16:59:09] local.INFO: ðŸ“Œ Attendance data retrieved: {"records":0} 
[2025-07-09 16:59:12] local.INFO: ðŸ”¹ Employee Attendance Data Updated in Session {"filters":{"month":"Jul","year":"2025","role_id":"55"}} 
[2025-07-09 16:59:12] local.INFO: âœ… hrdailyAttendanceFilter function started.  
[2025-07-09 16:59:12] local.INFO: ðŸ“Œ Filter request received: {"month":"Jul","year":"2025","role_id":"55"} 
[2025-07-09 16:59:12] local.INFO: ðŸ“Œ Active session: {"session_id":34} 
[2025-07-09 16:59:12] local.INFO: ðŸ“Œ Role retrieved: {"role_name":"admin.navigation"} 
[2025-07-09 16:59:12] local.INFO: ðŸ“Œ Date Range: {"first_date":"2025-07-01 00:00:00","last_date":"2025-07-31 23:59:59"} 
[2025-07-09 16:59:12] local.INFO: âœ… HR Admin detected, fetching attendance data.  
[2025-07-09 16:59:12] local.INFO: ðŸ“Œ Filtering attendance for hr_roles_role_id: {"hr_roles_role_id":"55"} 
[2025-07-09 16:59:12] local.INFO: ðŸ“Œ Attendance data retrieved: {"records":4} 
[2025-07-09 16:59:15] local.INFO: ðŸ“¥ hrdailyAttendanceFilter_csv started {"month":"Jul","year":"2025","role_id":"55"} 
[2025-07-09 16:59:15] local.INFO: ðŸ“… Date range {"start":"2025-07-01 00:00:00","end":"2025-07-31 23:59:59"} 
[2025-07-09 16:59:15] local.INFO: âœ… Records fetched {"count":4} 
[2025-07-09 17:01:00] local.INFO: marksFilter() function started. {"request_data":{"exam_category_id":"6","class_id":"34","section_id":"48","subject_id":"13","session_id":"34"}} 
[2025-07-09 17:01:00] local.INFO: Assigned request filters to $marks_data. {"exam_category_id":"6","class_id":"34","section_id":"48","subject_id":"13","session_id":"34"} 
[2025-07-09 17:01:00] local.INFO: Resolved class/section/subject/session names. {"class_name":"Class 1","section_name":"A","subject_name":"English","session_title":"2025"} 
[2025-07-09 17:01:00] local.INFO: Fetched enrolled students. {"count":1} 
[2025-07-09 17:01:00] local.INFO: Refetched exam categories and classes. {"exam_categories_count":1,"classes_count":1} 
[2025-07-09 17:01:00] local.INFO: Exam found. {"exam_id":11} 
[2025-07-09 17:01:00] local.INFO: Rendered marks_list view successfully.  
[2025-07-09 17:02:24] local.INFO: dailyAttendanceFilter function started.  
[2025-07-09 17:02:24] local.INFO: Request data received: {"month":"Jul","year":"2025","class_id":"34","section_id":"48"} 
[2025-07-09 17:02:24] local.INFO: Processed date range: {"first_date":"2025-07-01 00:00:00","last_date":"2025-07-31 23:59:59"} 
[2025-07-09 17:02:24] local.INFO: Page data prepared: {"attendance_date":"2025-07-01 00:00:00","class_id":"34","section_id":"48","month":"Jul","year":"2025"} 
[2025-07-09 17:02:24] local.INFO: Active session: {"session_id":34} 
[2025-07-09 17:02:24] local.INFO: Attendance data fetched. {"count":3} 
[2025-07-09 17:02:24] local.INFO: Student details fetched. {"count":1} 
[2025-07-09 17:02:24] local.INFO: Number of unique students fetched. {"no_of_users":1} 
[2025-07-09 17:02:24] local.INFO: Classes fetched. {"count":1} 
[2025-07-09 17:02:24] local.INFO: Final SQL Query: {"query":"select * from `daily_attendances` where `timestamp` between ? and ?","bindings":["2025-07-01 00:00:00","2025-07-31 23:59:59"]} 
[2025-07-09 17:02:24] local.INFO: Prepare to return view  
[2025-07-09 17:02:27] local.INFO: dailyAttendanceFilter_csv function started.  
[2025-07-09 17:02:27] local.INFO: CSV export request data:  {"_token":"BdIRabZjIq8In5Q9w0yccPJkVEbl6qfAeIFUOVab","month":"Jul","year":"2025","class_id":"34","section_id":"48"} 
[2025-07-09 17:02:27] local.INFO: ðŸ“… Date range: {"start_date":"2025-07-01 00:00:00","end_date":"2025-07-31 23:59:59"} 
[2025-07-09 17:02:27] local.INFO: âœ… Fetched attendance rows: {"count":3} 
[2025-07-09 17:02:27] local.INFO: dailyAttendanceFilter function started.  
[2025-07-09 17:02:27] local.INFO: Request data received: {"month":"Jul","year":"2025","class_id":"34","section_id":"48"} 
[2025-07-09 17:02:27] local.INFO: Processed date range: {"first_date":"2025-07-01 00:00:00","last_date":"2025-07-31 23:59:59"} 
[2025-07-09 17:02:27] local.INFO: Page data prepared: {"attendance_date":"2025-07-01 00:00:00","class_id":"34","section_id":"48","month":"Jul","year":"2025"} 
[2025-07-09 17:02:27] local.INFO: Active session: {"session_id":34} 
[2025-07-09 17:02:27] local.INFO: Attendance data fetched. {"count":3} 
[2025-07-09 17:02:27] local.INFO: Student details fetched. {"count":1} 
[2025-07-09 17:02:27] local.INFO: Number of unique students fetched. {"no_of_users":1} 
[2025-07-09 17:02:27] local.INFO: Classes fetched. {"count":1} 
[2025-07-09 17:02:27] local.INFO: Final SQL Query: {"query":"select * from `daily_attendances` where `timestamp` between ? and ?","bindings":["2025-07-01 00:00:00","2025-07-31 23:59:59"]} 
[2025-07-09 17:02:27] local.INFO: Prepare to return view  
[2025-07-09 18:49:21] local.INFO: dailyAttendanceFilter_csv function started.  
[2025-07-09 18:49:21] local.INFO: CSV export request data:  {"_token":"BdIRabZjIq8In5Q9w0yccPJkVEbl6qfAeIFUOVab","month":"Jul","year":"2025","class_id":"34","section_id":"48"} 
[2025-07-09 18:49:21] local.INFO: ðŸ“… Date range: {"start_date":"2025-07-01 00:00:00","end_date":"2025-07-31 23:59:59"} 
[2025-07-09 18:49:21] local.INFO: âœ… Fetched attendance rows: {"count":3} 
[2025-07-09 18:49:21] local.INFO: dailyAttendanceFilter function started.  
[2025-07-09 18:49:21] local.INFO: Request data received: {"month":"Jul","year":"2025","class_id":"34","section_id":"48"} 
[2025-07-09 18:49:21] local.INFO: Processed date range: {"first_date":"2025-07-01 00:00:00","last_date":"2025-07-31 23:59:59"} 
[2025-07-09 18:49:21] local.INFO: Page data prepared: {"attendance_date":"2025-07-01 00:00:00","class_id":"34","section_id":"48","month":"Jul","year":"2025"} 
[2025-07-09 18:49:21] local.INFO: Active session: {"session_id":34} 
[2025-07-09 18:49:21] local.INFO: Attendance data fetched. {"count":3} 
[2025-07-09 18:49:21] local.INFO: Student details fetched. {"count":1} 
[2025-07-09 18:49:21] local.INFO: Number of unique students fetched. {"no_of_users":1} 
[2025-07-09 18:49:21] local.INFO: Classes fetched. {"count":1} 
[2025-07-09 18:49:21] local.INFO: Final SQL Query: {"query":"select * from `daily_attendances` where `timestamp` between ? and ?","bindings":["2025-07-01 00:00:00","2025-07-31 23:59:59"]} 
[2025-07-09 18:49:21] local.INFO: Prepare to return view  
[2025-07-10 13:10:45] local.INFO: ðŸ” Checking attendance {"class_id":34,"school_id":15,"session_id":34,"today_date":"2025-07-10"} 
[2025-07-10 13:10:45] local.INFO: âœ… Attendance found {"class_id":34,"count":0} 
[2025-07-10 13:10:45] local.INFO: ðŸ“Š Pushing class attendance {"class_name":"Class 1","today_attended":0} 
[2025-07-10 13:21:28] local.INFO: ðŸ” Checking attendance {"class_id":1,"school_id":1,"session_id":19,"today_date":"2025-07-10"} 
[2025-07-10 13:21:28] local.INFO: âœ… Attendance found {"class_id":1,"count":0} 
[2025-07-10 13:21:28] local.INFO: ðŸ“Š Pushing class attendance {"class_name":"Class 1","today_attended":0} 
[2025-07-10 13:21:28] local.INFO: ðŸ” Checking attendance {"class_id":2,"school_id":1,"session_id":19,"today_date":"2025-07-10"} 
[2025-07-10 13:21:28] local.INFO: âœ… Attendance found {"class_id":2,"count":0} 
[2025-07-10 13:21:28] local.INFO: ðŸ“Š Pushing class attendance {"class_name":"Class 2","today_attended":0} 
[2025-07-10 13:21:28] local.INFO: ðŸ” Checking attendance {"class_id":3,"school_id":1,"session_id":19,"today_date":"2025-07-10"} 
[2025-07-10 13:21:28] local.INFO: âœ… Attendance found {"class_id":3,"count":0} 
[2025-07-10 13:21:28] local.INFO: ðŸ“Š Pushing class attendance {"class_name":"Class 3","today_attended":0} 
[2025-07-10 13:21:28] local.INFO: ðŸ” Checking attendance {"class_id":4,"school_id":1,"session_id":19,"today_date":"2025-07-10"} 
[2025-07-10 13:21:28] local.INFO: âœ… Attendance found {"class_id":4,"count":0} 
[2025-07-10 13:21:28] local.INFO: ðŸ“Š Pushing class attendance {"class_name":"Class 4","today_attended":0} 
[2025-07-10 13:21:28] local.INFO: ðŸ” Checking attendance {"class_id":5,"school_id":1,"session_id":19,"today_date":"2025-07-10"} 
[2025-07-10 13:21:28] local.INFO: âœ… Attendance found {"class_id":5,"count":0} 
[2025-07-10 13:21:28] local.INFO: ðŸ“Š Pushing class attendance {"class_name":"Class 5","today_attended":0} 
[2025-07-10 13:21:28] local.INFO: ðŸ” Checking attendance {"class_id":6,"school_id":1,"session_id":19,"today_date":"2025-07-10"} 
[2025-07-10 13:21:28] local.INFO: âœ… Attendance found {"class_id":6,"count":0} 
[2025-07-10 13:21:28] local.INFO: ðŸ“Š Pushing class attendance {"class_name":"Class 6","today_attended":0} 
[2025-07-10 13:21:28] local.INFO: ðŸ” Checking attendance {"class_id":7,"school_id":1,"session_id":19,"today_date":"2025-07-10"} 
[2025-07-10 13:21:28] local.INFO: âœ… Attendance found {"class_id":7,"count":0} 
[2025-07-10 13:21:28] local.INFO: ðŸ“Š Pushing class attendance {"class_name":"Class 7","today_attended":0} 
[2025-07-10 13:21:28] local.INFO: ðŸ” Checking attendance {"class_id":8,"school_id":1,"session_id":19,"today_date":"2025-07-10"} 
[2025-07-10 13:21:28] local.INFO: âœ… Attendance found {"class_id":8,"count":0} 
[2025-07-10 13:21:28] local.INFO: ðŸ“Š Pushing class attendance {"class_name":"Class 8","today_attended":0} 
[2025-07-10 13:21:28] local.INFO: ðŸ” Checking attendance {"class_id":9,"school_id":1,"session_id":19,"today_date":"2025-07-10"} 
[2025-07-10 13:21:28] local.INFO: âœ… Attendance found {"class_id":9,"count":0} 
[2025-07-10 13:21:28] local.INFO: ðŸ“Š Pushing class attendance {"class_name":"Class9","today_attended":0} 
[2025-07-10 13:21:28] local.INFO: ðŸ” Checking attendance {"class_id":10,"school_id":1,"session_id":19,"today_date":"2025-07-10"} 
[2025-07-10 13:21:28] local.INFO: âœ… Attendance found {"class_id":10,"count":0} 
[2025-07-10 13:21:28] local.INFO: ðŸ“Š Pushing class attendance {"class_name":"Class 10","today_attended":0} 
[2025-07-10 13:21:28] local.INFO: ðŸ” Checking attendance {"class_id":11,"school_id":1,"session_id":19,"today_date":"2025-07-10"} 
[2025-07-10 13:21:28] local.INFO: âœ… Attendance found {"class_id":11,"count":0} 
[2025-07-10 13:21:28] local.INFO: ðŸ“Š Pushing class attendance {"class_name":"Class 11","today_attended":0} 
[2025-07-10 13:21:28] local.INFO: ðŸ” Checking attendance {"class_id":12,"school_id":1,"session_id":19,"today_date":"2025-07-10"} 
[2025-07-10 13:21:28] local.INFO: âœ… Attendance found {"class_id":12,"count":0} 
[2025-07-10 13:21:28] local.INFO: ðŸ“Š Pushing class attendance {"class_name":"Class 12","today_attended":0} 
[2025-07-10 13:21:28] local.INFO: ðŸ” Checking attendance {"class_id":28,"school_id":1,"session_id":19,"today_date":"2025-07-10"} 
[2025-07-10 13:21:28] local.INFO: âœ… Attendance found {"class_id":28,"count":0} 
[2025-07-10 13:21:28] local.INFO: ðŸ“Š Pushing class attendance {"class_name":"Nursery","today_attended":0} 
[2025-07-10 13:21:28] local.INFO: ðŸ” Checking attendance {"class_id":29,"school_id":1,"session_id":19,"today_date":"2025-07-10"} 
[2025-07-10 13:21:28] local.INFO: âœ… Attendance found {"class_id":29,"count":0} 
[2025-07-10 13:21:28] local.INFO: ðŸ“Š Pushing class attendance {"class_name":"LKG","today_attended":0} 
[2025-07-10 13:21:28] local.INFO: ðŸ” Checking attendance {"class_id":30,"school_id":1,"session_id":19,"today_date":"2025-07-10"} 
[2025-07-10 13:21:28] local.INFO: âœ… Attendance found {"class_id":30,"count":0} 
[2025-07-10 13:21:28] local.INFO: ðŸ“Š Pushing class attendance {"class_name":"UKG","today_attended":0} 
[2025-07-10 13:21:59] local.INFO: marksFilter() function started. {"request_data":{"exam_category_id":"5","class_id":"2","section_id":"2","subject_id":"4","session_id":"19"}} 
[2025-07-10 13:21:59] local.INFO: Assigned request filters to $marks_data. {"exam_category_id":"5","class_id":"2","section_id":"2","subject_id":"4","session_id":"19"} 
[2025-07-10 13:21:59] local.INFO: Resolved class/section/subject/session names. {"class_name":"Class 2","section_name":"A","subject_name":"Telugu (Second Language)","session_title":"2025"} 
[2025-07-10 13:21:59] local.INFO: Fetched enrolled students. {"count":1} 
[2025-07-10 13:21:59] local.INFO: Refetched exam categories and classes. {"exam_categories_count":3,"classes_count":15} 
[2025-07-10 13:21:59] local.INFO: Exam found. {"exam_id":8} 
[2025-07-10 13:21:59] local.INFO: Rendered marks_list view successfully.  
[2025-07-10 13:23:32] local.ERROR: SQLSTATE[23000]: Integrity constraint violation: 1048 Column 'comment' cannot be null (SQL: insert into `gradebooks` (`student_id`, `class_id`, `section_id`, `session_id`, `exam_category_id`, `comment`, `school_id`, `marks`, `timestamp`, `updated_at`, `created_at`) values (187, 2, 2, 19, 5, ?, 1, {"4":"70"}, 1752085800, 2025-07-10 13:23:32, 2025-07-10 13:23:32)) {"userId":2,"exception":"[object] (Illuminate\\Database\\QueryException(code: 23000): SQLSTATE[23000]: Integrity constraint violation: 1048 Column 'comment' cannot be null (SQL: insert into `gradebooks` (`student_id`, `class_id`, `section_id`, `session_id`, `exam_category_id`, `comment`, `school_id`, `marks`, `timestamp`, `updated_at`, `created_at`) values (187, 2, 2, 19, 5, ?, 1, {\"4\":\"70\"}, 1752085800, 2025-07-10 13:23:32, 2025-07-10 13:23:32)) at /home/siliconcpanel/public_html/edusws.appstime.in/vendor/laravel/framework/src/Illuminate/Database/Connection.php:759)
[stacktrace]
#0 /home/siliconcpanel/public_html/edusws.appstime.in/vendor/laravel/framework/src/Illuminate/Database/Connection.php(719): Illuminate\\Database\\Connection->runQueryCallback('insert into `gr...', Array, Object(Closure))
#1 /home/siliconcpanel/public_html/edusws.appstime.in/vendor/laravel/framework/src/Illuminate/Database/Connection.php(545): Illuminate\\Database\\Connection->run('insert into `gr...', Array, Object(Closure))
#2 /home/siliconcpanel/public_html/edusws.appstime.in/vendor/laravel/framework/src/Illuminate/Database/Connection.php(497): Illuminate\\Database\\Connection->statement('insert into `gr...', Array)
#3 /home/siliconcpanel/public_html/edusws.appstime.in/vendor/laravel/framework/src/Illuminate/Database/Query/Processors/Processor.php(32): Illuminate\\Database\\Connection->insert('insert into `gr...', Array)
#4 /home/siliconcpanel/public_html/edusws.appstime.in/vendor/laravel/framework/src/Illuminate/Database/Query/Builder.php(3246): Illuminate\\Database\\Query\\Processors\\Processor->processInsertGetId(Object(Illuminate\\Database\\Query\\Builder), 'insert into `gr...', Array, 'id')
#5 /home/siliconcpanel/public_html/edusws.appstime.in/vendor/laravel/framework/src/Illuminate/Database/Eloquent/Builder.php(1834): Illuminate\\Database\\Query\\Builder->insertGetId(Array, 'id')
#6 /home/siliconcpanel/public_html/edusws.appstime.in/vendor/laravel/framework/src/Illuminate/Database/Eloquent/Model.php(1220): Illuminate\\Database\\Eloquent\\Builder->__call('insertGetId', Array)
#7 /home/siliconcpanel/public_html/edusws.appstime.in/vendor/laravel/framework/src/Illuminate/Database/Eloquent/Model.php(1185): Illuminate\\Database\\Eloquent\\Model->insertAndSetId(Object(Illuminate\\Database\\Eloquent\\Builder), Array)
#8 /home/siliconcpanel/public_html/edusws.appstime.in/vendor/laravel/framework/src/Illuminate/Database/Eloquent/Model.php(1026): Illuminate\\Database\\Eloquent\\Model->performInsert(Object(Illuminate\\Database\\Eloquent\\Builder))
#9 /home/siliconcpanel/public_html/edusws.appstime.in/vendor/laravel/framework/src/Illuminate/Database/Eloquent/Builder.php(974): Illuminate\\Database\\Eloquent\\Model->save()
#10 /home/siliconcpanel/public_html/edusws.appstime.in/vendor/laravel/framework/src/Illuminate/Support/helpers.php(302): Illuminate\\Database\\Eloquent\\Builder->Illuminate\\Database\\Eloquent\\{closure}(Object(App\\Models\\Gradebook))
#11 /home/siliconcpanel/public_html/edusws.appstime.in/vendor/laravel/framework/src/Illuminate/Database/Eloquent/Builder.php(975): tap(Object(App\\Models\\Gradebook), Object(Closure))
#12 /home/siliconcpanel/public_html/edusws.appstime.in/vendor/laravel/framework/src/Illuminate/Support/Traits/ForwardsCalls.php(23): Illuminate\\Database\\Eloquent\\Builder->create(Array)
#13 /home/siliconcpanel/public_html/edusws.appstime.in/vendor/laravel/framework/src/Illuminate/Database/Eloquent/Model.php(2163): Illuminate\\Database\\Eloquent\\Model->forwardCallTo(Object(Illuminate\\Database\\Eloquent\\Builder), 'create', Array)
#14 /home/siliconcpanel/public_html/edusws.appstime.in/vendor/laravel/framework/src/Illuminate/Database/Eloquent/Model.php(2175): Illuminate\\Database\\Eloquent\\Model->__call('create', Array)
#15 /home/siliconcpanel/public_html/edusws.appstime.in/app/Http/Controllers/CommonController.php(249): Illuminate\\Database\\Eloquent\\Model::__callStatic('create', Array)
#16 /home/siliconcpanel/public_html/edusws.appstime.in/vendor/laravel/framework/src/Illuminate/Routing/Controller.php(54): App\\Http\\Controllers\\CommonController->markUpdate(Object(Illuminate\\Http\\Request))
#17 /home/siliconcpanel/public_html/edusws.appstime.in/vendor/laravel/framework/src/Illuminate/Routing/ControllerDispatcher.php(45): Illuminate\\Routing\\Controller->callAction('markUpdate', Array)
#18 /home/siliconcpanel/public_html/edusws.appstime.in/vendor/laravel/framework/src/Illuminate/Routing/Route.php(268): Illuminate\\Routing\\ControllerDispatcher->dispatch(Object(Illuminate\\Routing\\Route), Object(App\\Http\\Controllers\\CommonController), 'markUpdate')
#19 /home/siliconcpanel/public_html/edusws.appstime.in/vendor/laravel/framework/src/Illuminate/Routing/Route.php(211): Illuminate\\Routing\\Route->runController()
#20 /home/siliconcpanel/public_html/edusws.appstime.in/vendor/laravel/framework/src/Illuminate/Routing/Router.php(725): Illuminate\\Routing\\Route->run()
#21 /home/siliconcpanel/public_html/edusws.appstime.in/vendor/laravel/framework/src/Illuminate/Pipeline/Pipeline.php(141): Illuminate\\Routing\\Router->Illuminate\\Routing\\{closure}(Object(Illuminate\\Http\\Request))
#22 /home/siliconcpanel/public_html/edusws.appstime.in/vendor/laravel/framework/src/Illuminate/Routing/Middleware/SubstituteBindings.php(50): Illuminate\\Pipeline\\Pipeline->Illuminate\\Pipeline\\{closure}(Object(Illuminate\\Http\\Request))
#23 /home/siliconcpanel/public_html/edusws.appstime.in/vendor/laravel/framework/src/Illuminate/Pipeline/Pipeline.php(180): Illuminate\\Routing\\Middleware\\SubstituteBindings->handle(Object(Illuminate\\Http\\Request), Object(Closure))
#24 /home/siliconcpanel/public_html/edusws.appstime.in/vendor/laravel/framework/src/Illuminate/Auth/Middleware/Authenticate.php(44): Illuminate\\Pipeline\\Pipeline->Illuminate\\Pipeline\\{closure}(Object(Illuminate\\Http\\Request))
#25 /home/siliconcpanel/public_html/edusws.appstime.in/vendor/laravel/framework/src/Illuminate/Pipeline/Pipeline.php(180): Illuminate\\Auth\\Middleware\\Authenticate->handle(Object(Illuminate\\Http\\Request), Object(Closure))
#26 /home/siliconcpanel/public_html/edusws.appstime.in/vendor/laravel/framework/src/Illuminate/Foundation/Http/Middleware/VerifyCsrfToken.php(78): Illuminate\\Pipeline\\Pipeline->Illuminate\\Pipeline\\{closure}(Object(Illuminate\\Http\\Request))
#27 /home/siliconcpanel/public_html/edusws.appstime.in/vendor/laravel/framework/src/Illuminate/Pipeline/Pipeline.php(180): Illuminate\\Foundation\\Http\\Middleware\\VerifyCsrfToken->handle(Object(Illuminate\\Http\\Request), Object(Closure))
#28 /home/siliconcpanel/public_html/edusws.appstime.in/vendor/laravel/framework/src/Illuminate/View/Middleware/ShareErrorsFromSession.php(49): Illuminate\\Pipeline\\Pipeline->Illuminate\\Pipeline\\{closure}(Object(Illuminate\\Http\\Request))
#29 /home/siliconcpanel/public_html/edusws.appstime.in/vendor/laravel/framework/src/Illuminate/Pipeline/Pipeline.php(180): Illuminate\\View\\Middleware\\ShareErrorsFromSession->handle(Object(Illuminate\\Http\\Request), Object(Closure))
#30 /home/siliconcpanel/public_html/edusws.appstime.in/vendor/laravel/framework/src/Illuminate/Session/Middleware/StartSession.php(121): Illuminate\\Pipeline\\Pipeline->Illuminate\\Pipeline\\{closure}(Object(Illuminate\\Http\\Request))
#31 /home/siliconcpanel/public_html/edusws.appstime.in/vendor/laravel/framework/src/Illuminate/Session/Middleware/StartSession.php(64): Illuminate\\Session\\Middleware\\StartSession->handleStatefulRequest(Object(Illuminate\\Http\\Request), Object(Illuminate\\Session\\Store), Object(Closure))
#32 /home/siliconcpanel/public_html/edusws.appstime.in/vendor/laravel/framework/src/Illuminate/Pipeline/Pipeline.php(180): Illuminate\\Session\\Middleware\\StartSession->handle(Object(Illuminate\\Http\\Request), Object(Closure))
#33 /home/siliconcpanel/public_html/edusws.appstime.in/vendor/laravel/framework/src/Illuminate/Cookie/Middleware/AddQueuedCookiesToResponse.php(37): Illuminate\\Pipeline\\Pipeline->Illuminate\\Pipeline\\{closure}(Object(Illuminate\\Http\\Request))
#34 /home/siliconcpanel/public_html/edusws.appstime.in/vendor/laravel/framework/src/Illuminate/Pipeline/Pipeline.php(180): Illuminate\\Cookie\\Middleware\\AddQueuedCookiesToResponse->handle(Object(Illuminate\\Http\\Request), Object(Closure))
#35 /home/siliconcpanel/public_html/edusws.appstime.in/vendor/laravel/framework/src/Illuminate/Cookie/Middleware/EncryptCookies.php(67): Illuminate\\Pipeline\\Pipeline->Illuminate\\Pipeline\\{closure}(Object(Illuminate\\Http\\Request))
#36 /home/siliconcpanel/public_html/edusws.appstime.in/vendor/laravel/framework/src/Illuminate/Pipeline/Pipeline.php(180): Illuminate\\Cookie\\Middleware\\EncryptCookies->handle(Object(Illuminate\\Http\\Request), Object(Closure))
#37 /home/siliconcpanel/public_html/edusws.appstime.in/vendor/laravel/framework/src/Illuminate/Pipeline/Pipeline.php(116): Illuminate\\Pipeline\\Pipeline->Illuminate\\Pipeline\\{closure}(Object(Illuminate\\Http\\Request))
#38 /home/siliconcpanel/public_html/edusws.appstime.in/vendor/laravel/framework/src/Illuminate/Routing/Router.php(726): Illuminate\\Pipeline\\Pipeline->then(Object(Closure))
#39 /home/siliconcpanel/public_html/edusws.appstime.in/vendor/laravel/framework/src/Illuminate/Routing/Router.php(703): Illuminate\\Routing\\Router->runRouteWithinStack(Object(Illuminate\\Routing\\Route), Object(Illuminate\\Http\\Request))
#40 /home/siliconcpanel/public_html/edusws.appstime.in/vendor/laravel/framework/src/Illuminate/Routing/Router.php(667): Illuminate\\Routing\\Router->runRoute(Object(Illuminate\\Http\\Request), Object(Illuminate\\Routing\\Route))
#41 /home/siliconcpanel/public_html/edusws.appstime.in/vendor/laravel/framework/src/Illuminate/Routing/Router.php(656): Illuminate\\Routing\\Router->dispatchToRoute(Object(Illuminate\\Http\\Request))
#42 /home/siliconcpanel/public_html/edusws.appstime.in/vendor/laravel/framework/src/Illuminate/Foundation/Http/Kernel.php(167): Illuminate\\Routing\\Router->dispatch(Object(Illuminate\\Http\\Request))
#43 /home/siliconcpanel/public_html/edusws.appstime.in/vendor/laravel/framework/src/Illuminate/Pipeline/Pipeline.php(141): Illuminate\\Foundation\\Http\\Kernel->Illuminate\\Foundation\\Http\\{closure}(Object(Illuminate\\Http\\Request))
#44 /home/siliconcpanel/public_html/edusws.appstime.in/vendor/laravel/framework/src/Illuminate/Foundation/Http/Middleware/TransformsRequest.php(21): Illuminate\\Pipeline\\Pipeline->Illuminate\\Pipeline\\{closure}(Object(Illuminate\\Http\\Request))
#45 /home/siliconcpanel/public_html/edusws.appstime.in/vendor/laravel/framework/src/Illuminate/Foundation/Http/Middleware/ConvertEmptyStringsToNull.php(31): Illuminate\\Foundation\\Http\\Middleware\\TransformsRequest->handle(Object(Illuminate\\Http\\Request), Object(Closure))
#46 /home/siliconcpanel/public_html/edusws.appstime.in/vendor/laravel/framework/src/Illuminate/Pipeline/Pipeline.php(180): Illuminate\\Foundation\\Http\\Middleware\\ConvertEmptyStringsToNull->handle(Object(Illuminate\\Http\\Request), Object(Closure))
#47 /home/siliconcpanel/public_html/edusws.appstime.in/vendor/laravel/framework/src/Illuminate/Foundation/Http/Middleware/TransformsRequest.php(21): Illuminate\\Pipeline\\Pipeline->Illuminate\\Pipeline\\{closure}(Object(Illuminate\\Http\\Request))
#48 /home/siliconcpanel/public_html/edusws.appstime.in/vendor/laravel/framework/src/Illuminate/Foundation/Http/Middleware/TrimStrings.php(40): Illuminate\\Foundation\\Http\\Middleware\\TransformsRequest->handle(Object(Illuminate\\Http\\Request), Object(Closure))
#49 /home/siliconcpanel/public_html/edusws.appstime.in/vendor/laravel/framework/src/Illuminate/Pipeline/Pipeline.php(180): Illuminate\\Foundation\\Http\\Middleware\\TrimStrings->handle(Object(Illuminate\\Http\\Request), Object(Closure))
#50 /home/siliconcpanel/public_html/edusws.appstime.in/vendor/laravel/framework/src/Illuminate/Foundation/Http/Middleware/ValidatePostSize.php(27): Illuminate\\Pipeline\\Pipeline->Illuminate\\Pipeline\\{closure}(Object(Illuminate\\Http\\Request))
#51 /home/siliconcpanel/public_html/edusws.appstime.in/vendor/laravel/framework/src/Illuminate/Pipeline/Pipeline.php(180): Illuminate\\Foundation\\Http\\Middleware\\ValidatePostSize->handle(Object(Illuminate\\Http\\Request), Object(Closure))
#52 /home/siliconcpanel/public_html/edusws.appstime.in/vendor/laravel/framework/src/Illuminate/Foundation/Http/Middleware/PreventRequestsDuringMaintenance.php(86): Illuminate\\Pipeline\\Pipeline->Illuminate\\Pipeline\\{closure}(Object(Illuminate\\Http\\Request))
#53 /home/siliconcpanel/public_html/edusws.appstime.in/vendor/laravel/framework/src/Illuminate/Pipeline/Pipeline.php(180): Illuminate\\Foundation\\Http\\Middleware\\PreventRequestsDuringMaintenance->handle(Object(Illuminate\\Http\\Request), Object(Closure))
#54 /home/siliconcpanel/public_html/edusws.appstime.in/vendor/fruitcake/laravel-cors/src/HandleCors.php(38): Illuminate\\Pipeline\\Pipeline->Illuminate\\Pipeline\\{closure}(Object(Illuminate\\Http\\Request))
#55 /home/siliconcpanel/public_html/edusws.appstime.in/vendor/laravel/framework/src/Illuminate/Pipeline/Pipeline.php(180): Fruitcake\\Cors\\HandleCors->handle(Object(Illuminate\\Http\\Request), Object(Closure))
#56 /home/siliconcpanel/public_html/edusws.appstime.in/vendor/laravel/framework/src/Illuminate/Http/Middleware/TrustProxies.php(39): Illuminate\\Pipeline\\Pipeline->Illuminate\\Pipeline\\{closure}(Object(Illuminate\\Http\\Request))
#57 /home/siliconcpanel/public_html/edusws.appstime.in/vendor/laravel/framework/src/Illuminate/Pipeline/Pipeline.php(180): Illuminate\\Http\\Middleware\\TrustProxies->handle(Object(Illuminate\\Http\\Request), Object(Closure))
#58 /home/siliconcpanel/public_html/edusws.appstime.in/vendor/laravel/framework/src/Illuminate/Pipeline/Pipeline.php(116): Illuminate\\Pipeline\\Pipeline->Illuminate\\Pipeline\\{closure}(Object(Illuminate\\Http\\Request))
#59 /home/siliconcpanel/public_html/edusws.appstime.in/vendor/laravel/framework/src/Illuminate/Foundation/Http/Kernel.php(142): Illuminate\\Pipeline\\Pipeline->then(Object(Closure))
#60 /home/siliconcpanel/public_html/edusws.appstime.in/vendor/laravel/framework/src/Illuminate/Foundation/Http/Kernel.php(111): Illuminate\\Foundation\\Http\\Kernel->sendRequestThroughRouter(Object(Illuminate\\Http\\Request))
#61 /home/siliconcpanel/public_html/edusws.appstime.in/public/index.php(52): Illuminate\\Foundation\\Http\\Kernel->handle(Object(Illuminate\\Http\\Request))
#62 /home/siliconcpanel/public_html/edusws.appstime.in/index.php(441): require_once('/home/siliconcp...')
#63 {main}

[previous exception] [object] (PDOException(code: 23000): SQLSTATE[23000]: Integrity constraint violation: 1048 Column 'comment' cannot be null at /home/siliconcpanel/public_html/edusws.appstime.in/vendor/laravel/framework/src/Illuminate/Database/Connection.php:544)
[stacktrace]
#0 /home/siliconcpanel/public_html/edusws.appstime.in/vendor/laravel/framework/src/Illuminate/Database/Connection.php(544): PDOStatement->execute()
#1 /home/siliconcpanel/public_html/edusws.appstime.in/vendor/laravel/framework/src/Illuminate/Database/Connection.php(752): Illuminate\\Database\\Connection->Illuminate\\Database\\{closure}('insert into `gr...', Array)
#2 /home/siliconcpanel/public_html/edusws.appstime.in/vendor/laravel/framework/src/Illuminate/Database/Connection.php(719): Illuminate\\Database\\Connection->runQueryCallback('insert into `gr...', Array, Object(Closure))
#3 /home/siliconcpanel/public_html/edusws.appstime.in/vendor/laravel/framework/src/Illuminate/Database/Connection.php(545): Illuminate\\Database\\Connection->run('insert into `gr...', Array, Object(Closure))
#4 /home/siliconcpanel/public_html/edusws.appstime.in/vendor/laravel/framework/src/Illuminate/Database/Connection.php(497): Illuminate\\Database\\Connection->statement('insert into `gr...', Array)
#5 /home/siliconcpanel/public_html/edusws.appstime.in/vendor/laravel/framework/src/Illuminate/Database/Query/Processors/Processor.php(32): Illuminate\\Database\\Connection->insert('insert into `gr...', Array)
#6 /home/siliconcpanel/public_html/edusws.appstime.in/vendor/laravel/framework/src/Illuminate/Database/Query/Builder.php(3246): Illuminate\\Database\\Query\\Processors\\Processor->processInsertGetId(Object(Illuminate\\Database\\Query\\Builder), 'insert into `gr...', Array, 'id')
#7 /home/siliconcpanel/public_html/edusws.appstime.in/vendor/laravel/framework/src/Illuminate/Database/Eloquent/Builder.php(1834): Illuminate\\Database\\Query\\Builder->insertGetId(Array, 'id')
#8 /home/siliconcpanel/public_html/edusws.appstime.in/vendor/laravel/framework/src/Illuminate/Database/Eloquent/Model.php(1220): Illuminate\\Database\\Eloquent\\Builder->__call('insertGetId', Array)
#9 /home/siliconcpanel/public_html/edusws.appstime.in/vendor/laravel/framework/src/Illuminate/Database/Eloquent/Model.php(1185): Illuminate\\Database\\Eloquent\\Model->insertAndSetId(Object(Illuminate\\Database\\Eloquent\\Builder), Array)
#10 /home/siliconcpanel/public_html/edusws.appstime.in/vendor/laravel/framework/src/Illuminate/Database/Eloquent/Model.php(1026): Illuminate\\Database\\Eloquent\\Model->performInsert(Object(Illuminate\\Database\\Eloquent\\Builder))
#11 /home/siliconcpanel/public_html/edusws.appstime.in/vendor/laravel/framework/src/Illuminate/Database/Eloquent/Builder.php(974): Illuminate\\Database\\Eloquent\\Model->save()
#12 /home/siliconcpanel/public_html/edusws.appstime.in/vendor/laravel/framework/src/Illuminate/Support/helpers.php(302): Illuminate\\Database\\Eloquent\\Builder->Illuminate\\Database\\Eloquent\\{closure}(Object(App\\Models\\Gradebook))
#13 /home/siliconcpanel/public_html/edusws.appstime.in/vendor/laravel/framework/src/Illuminate/Database/Eloquent/Builder.php(975): tap(Object(App\\Models\\Gradebook), Object(Closure))
#14 /home/siliconcpanel/public_html/edusws.appstime.in/vendor/laravel/framework/src/Illuminate/Support/Traits/ForwardsCalls.php(23): Illuminate\\Database\\Eloquent\\Builder->create(Array)
#15 /home/siliconcpanel/public_html/edusws.appstime.in/vendor/laravel/framework/src/Illuminate/Database/Eloquent/Model.php(2163): Illuminate\\Database\\Eloquent\\Model->forwardCallTo(Object(Illuminate\\Database\\Eloquent\\Builder), 'create', Array)
#16 /home/siliconcpanel/public_html/edusws.appstime.in/vendor/laravel/framework/src/Illuminate/Database/Eloquent/Model.php(2175): Illuminate\\Database\\Eloquent\\Model->__call('create', Array)
#17 /home/siliconcpanel/public_html/edusws.appstime.in/app/Http/Controllers/CommonController.php(249): Illuminate\\Database\\Eloquent\\Model::__callStatic('create', Array)
#18 /home/siliconcpanel/public_html/edusws.appstime.in/vendor/laravel/framework/src/Illuminate/Routing/Controller.php(54): App\\Http\\Controllers\\CommonController->markUpdate(Object(Illuminate\\Http\\Request))
#19 /home/siliconcpanel/public_html/edusws.appstime.in/vendor/laravel/framework/src/Illuminate/Routing/ControllerDispatcher.php(45): Illuminate\\Routing\\Controller->callAction('markUpdate', Array)
#20 /home/siliconcpanel/public_html/edusws.appstime.in/vendor/laravel/framework/src/Illuminate/Routing/Route.php(268): Illuminate\\Routing\\ControllerDispatcher->dispatch(Object(Illuminate\\Routing\\Route), Object(App\\Http\\Controllers\\CommonController), 'markUpdate')
#21 /home/siliconcpanel/public_html/edusws.appstime.in/vendor/laravel/framework/src/Illuminate/Routing/Route.php(211): Illuminate\\Routing\\Route->runController()
#22 /home/siliconcpanel/public_html/edusws.appstime.in/vendor/laravel/framework/src/Illuminate/Routing/Router.php(725): Illuminate\\Routing\\Route->run()
#23 /home/siliconcpanel/public_html/edusws.appstime.in/vendor/laravel/framework/src/Illuminate/Pipeline/Pipeline.php(141): Illuminate\\Routing\\Router->Illuminate\\Routing\\{closure}(Object(Illuminate\\Http\\Request))
#24 /home/siliconcpanel/public_html/edusws.appstime.in/vendor/laravel/framework/src/Illuminate/Routing/Middleware/SubstituteBindings.php(50): Illuminate\\Pipeline\\Pipeline->Illuminate\\Pipeline\\{closure}(Object(Illuminate\\Http\\Request))
#25 /home/siliconcpanel/public_html/edusws.appstime.in/vendor/laravel/framework/src/Illuminate/Pipeline/Pipeline.php(180): Illuminate\\Routing\\Middleware\\SubstituteBindings->handle(Object(Illuminate\\Http\\Request), Object(Closure))
#26 /home/siliconcpanel/public_html/edusws.appstime.in/vendor/laravel/framework/src/Illuminate/Auth/Middleware/Authenticate.php(44): Illuminate\\Pipeline\\Pipeline->Illuminate\\Pipeline\\{closure}(Object(Illuminate\\Http\\Request))
#27 /home/siliconcpanel/public_html/edusws.appstime.in/vendor/laravel/framework/src/Illuminate/Pipeline/Pipeline.php(180): Illuminate\\Auth\\Middleware\\Authenticate->handle(Object(Illuminate\\Http\\Request), Object(Closure))
#28 /home/siliconcpanel/public_html/edusws.appstime.in/vendor/laravel/framework/src/Illuminate/Foundation/Http/Middleware/VerifyCsrfToken.php(78): Illuminate\\Pipeline\\Pipeline->Illuminate\\Pipeline\\{closure}(Object(Illuminate\\Http\\Request))
#29 /home/siliconcpanel/public_html/edusws.appstime.in/vendor/laravel/framework/src/Illuminate/Pipeline/Pipeline.php(180): Illuminate\\Foundation\\Http\\Middleware\\VerifyCsrfToken->handle(Object(Illuminate\\Http\\Request), Object(Closure))
#30 /home/siliconcpanel/public_html/edusws.appstime.in/vendor/laravel/framework/src/Illuminate/View/Middleware/ShareErrorsFromSession.php(49): Illuminate\\Pipeline\\Pipeline->Illuminate\\Pipeline\\{closure}(Object(Illuminate\\Http\\Request))
#31 /home/siliconcpanel/public_html/edusws.appstime.in/vendor/laravel/framework/src/Illuminate/Pipeline/Pipeline.php(180): Illuminate\\View\\Middleware\\ShareErrorsFromSession->handle(Object(Illuminate\\Http\\Request), Object(Closure))
#32 /home/siliconcpanel/public_html/edusws.appstime.in/vendor/laravel/framework/src/Illuminate/Session/Middleware/StartSession.php(121): Illuminate\\Pipeline\\Pipeline->Illuminate\\Pipeline\\{closure}(Object(Illuminate\\Http\\Request))
#33 /home/siliconcpanel/public_html/edusws.appstime.in/vendor/laravel/framework/src/Illuminate/Session/Middleware/StartSession.php(64): Illuminate\\Session\\Middleware\\StartSession->handleStatefulRequest(Object(Illuminate\\Http\\Request), Object(Illuminate\\Session\\Store), Object(Closure))
#34 /home/siliconcpanel/public_html/edusws.appstime.in/vendor/laravel/framework/src/Illuminate/Pipeline/Pipeline.php(180): Illuminate\\Session\\Middleware\\StartSession->handle(Object(Illuminate\\Http\\Request), Object(Closure))
#35 /home/siliconcpanel/public_html/edusws.appstime.in/vendor/laravel/framework/src/Illuminate/Cookie/Middleware/AddQueuedCookiesToResponse.php(37): Illuminate\\Pipeline\\Pipeline->Illuminate\\Pipeline\\{closure}(Object(Illuminate\\Http\\Request))
#36 /home/siliconcpanel/public_html/edusws.appstime.in/vendor/laravel/framework/src/Illuminate/Pipeline/Pipeline.php(180): Illuminate\\Cookie\\Middleware\\AddQueuedCookiesToResponse->handle(Object(Illuminate\\Http\\Request), Object(Closure))
#37 /home/siliconcpanel/public_html/edusws.appstime.in/vendor/laravel/framework/src/Illuminate/Cookie/Middleware/EncryptCookies.php(67): Illuminate\\Pipeline\\Pipeline->Illuminate\\Pipeline\\{closure}(Object(Illuminate\\Http\\Request))
#38 /home/siliconcpanel/public_html/edusws.appstime.in/vendor/laravel/framework/src/Illuminate/Pipeline/Pipeline.php(180): Illuminate\\Cookie\\Middleware\\EncryptCookies->handle(Object(Illuminate\\Http\\Request), Object(Closure))
#39 /home/siliconcpanel/public_html/edusws.appstime.in/vendor/laravel/framework/src/Illuminate/Pipeline/Pipeline.php(116): Illuminate\\Pipeline\\Pipeline->Illuminate\\Pipeline\\{closure}(Object(Illuminate\\Http\\Request))
#40 /home/siliconcpanel/public_html/edusws.appstime.in/vendor/laravel/framework/src/Illuminate/Routing/Router.php(726): Illuminate\\Pipeline\\Pipeline->then(Object(Closure))
#41 /home/siliconcpanel/public_html/edusws.appstime.in/vendor/laravel/framework/src/Illuminate/Routing/Router.php(703): Illuminate\\Routing\\Router->runRouteWithinStack(Object(Illuminate\\Routing\\Route), Object(Illuminate\\Http\\Request))
#42 /home/siliconcpanel/public_html/edusws.appstime.in/vendor/laravel/framework/src/Illuminate/Routing/Router.php(667): Illuminate\\Routing\\Router->runRoute(Object(Illuminate\\Http\\Request), Object(Illuminate\\Routing\\Route))
#43 /home/siliconcpanel/public_html/edusws.appstime.in/vendor/laravel/framework/src/Illuminate/Routing/Router.php(656): Illuminate\\Routing\\Router->dispatchToRoute(Object(Illuminate\\Http\\Request))
#44 /home/siliconcpanel/public_html/edusws.appstime.in/vendor/laravel/framework/src/Illuminate/Foundation/Http/Kernel.php(167): Illuminate\\Routing\\Router->dispatch(Object(Illuminate\\Http\\Request))
#45 /home/siliconcpanel/public_html/edusws.appstime.in/vendor/laravel/framework/src/Illuminate/Pipeline/Pipeline.php(141): Illuminate\\Foundation\\Http\\Kernel->Illuminate\\Foundation\\Http\\{closure}(Object(Illuminate\\Http\\Request))
#46 /home/siliconcpanel/public_html/edusws.appstime.in/vendor/laravel/framework/src/Illuminate/Foundation/Http/Middleware/TransformsRequest.php(21): Illuminate\\Pipeline\\Pipeline->Illuminate\\Pipeline\\{closure}(Object(Illuminate\\Http\\Request))
#47 /home/siliconcpanel/public_html/edusws.appstime.in/vendor/laravel/framework/src/Illuminate/Foundation/Http/Middleware/ConvertEmptyStringsToNull.php(31): Illuminate\\Foundation\\Http\\Middleware\\TransformsRequest->handle(Object(Illuminate\\Http\\Request), Object(Closure))
#48 /home/siliconcpanel/public_html/edusws.appstime.in/vendor/laravel/framework/src/Illuminate/Pipeline/Pipeline.php(180): Illuminate\\Foundation\\Http\\Middleware\\ConvertEmptyStringsToNull->handle(Object(Illuminate\\Http\\Request), Object(Closure))
#49 /home/siliconcpanel/public_html/edusws.appstime.in/vendor/laravel/framework/src/Illuminate/Foundation/Http/Middleware/TransformsRequest.php(21): Illuminate\\Pipeline\\Pipeline->Illuminate\\Pipeline\\{closure}(Object(Illuminate\\Http\\Request))
#50 /home/siliconcpanel/public_html/edusws.appstime.in/vendor/laravel/framework/src/Illuminate/Foundation/Http/Middleware/TrimStrings.php(40): Illuminate\\Foundation\\Http\\Middleware\\TransformsRequest->handle(Object(Illuminate\\Http\\Request), Object(Closure))
#51 /home/siliconcpanel/public_html/edusws.appstime.in/vendor/laravel/framework/src/Illuminate/Pipeline/Pipeline.php(180): Illuminate\\Foundation\\Http\\Middleware\\TrimStrings->handle(Object(Illuminate\\Http\\Request), Object(Closure))
#52 /home/siliconcpanel/public_html/edusws.appstime.in/vendor/laravel/framework/src/Illuminate/Foundation/Http/Middleware/ValidatePostSize.php(27): Illuminate\\Pipeline\\Pipeline->Illuminate\\Pipeline\\{closure}(Object(Illuminate\\Http\\Request))
#53 /home/siliconcpanel/public_html/edusws.appstime.in/vendor/laravel/framework/src/Illuminate/Pipeline/Pipeline.php(180): Illuminate\\Foundation\\Http\\Middleware\\ValidatePostSize->handle(Object(Illuminate\\Http\\Request), Object(Closure))
#54 /home/siliconcpanel/public_html/edusws.appstime.in/vendor/laravel/framework/src/Illuminate/Foundation/Http/Middleware/PreventRequestsDuringMaintenance.php(86): Illuminate\\Pipeline\\Pipeline->Illuminate\\Pipeline\\{closure}(Object(Illuminate\\Http\\Request))
#55 /home/siliconcpanel/public_html/edusws.appstime.in/vendor/laravel/framework/src/Illuminate/Pipeline/Pipeline.php(180): Illuminate\\Foundation\\Http\\Middleware\\PreventRequestsDuringMaintenance->handle(Object(Illuminate\\Http\\Request), Object(Closure))
#56 /home/siliconcpanel/public_html/edusws.appstime.in/vendor/fruitcake/laravel-cors/src/HandleCors.php(38): Illuminate\\Pipeline\\Pipeline->Illuminate\\Pipeline\\{closure}(Object(Illuminate\\Http\\Request))
#57 /home/siliconcpanel/public_html/edusws.appstime.in/vendor/laravel/framework/src/Illuminate/Pipeline/Pipeline.php(180): Fruitcake\\Cors\\HandleCors->handle(Object(Illuminate\\Http\\Request), Object(Closure))
#58 /home/siliconcpanel/public_html/edusws.appstime.in/vendor/laravel/framework/src/Illuminate/Http/Middleware/TrustProxies.php(39): Illuminate\\Pipeline\\Pipeline->Illuminate\\Pipeline\\{closure}(Object(Illuminate\\Http\\Request))
#59 /home/siliconcpanel/public_html/edusws.appstime.in/vendor/laravel/framework/src/Illuminate/Pipeline/Pipeline.php(180): Illuminate\\Http\\Middleware\\TrustProxies->handle(Object(Illuminate\\Http\\Request), Object(Closure))
#60 /home/siliconcpanel/public_html/edusws.appstime.in/vendor/laravel/framework/src/Illuminate/Pipeline/Pipeline.php(116): Illuminate\\Pipeline\\Pipeline->Illuminate\\Pipeline\\{closure}(Object(Illuminate\\Http\\Request))
#61 /home/siliconcpanel/public_html/edusws.appstime.in/vendor/laravel/framework/src/Illuminate/Foundation/Http/Kernel.php(142): Illuminate\\Pipeline\\Pipeline->then(Object(Closure))
#62 /home/siliconcpanel/public_html/edusws.appstime.in/vendor/laravel/framework/src/Illuminate/Foundation/Http/Kernel.php(111): Illuminate\\Foundation\\Http\\Kernel->sendRequestThroughRouter(Object(Illuminate\\Http\\Request))
#63 /home/siliconcpanel/public_html/edusws.appstime.in/public/index.php(52): Illuminate\\Foundation\\Http\\Kernel->handle(Object(Illuminate\\Http\\Request))
#64 /home/siliconcpanel/public_html/edusws.appstime.in/index.php(441): require_once('/home/siliconcp...')
#65 {main}
"} 
[2025-07-10 13:23:36] local.ERROR: SQLSTATE[23000]: Integrity constraint violation: 1048 Column 'comment' cannot be null (SQL: insert into `gradebooks` (`student_id`, `class_id`, `section_id`, `session_id`, `exam_category_id`, `comment`, `school_id`, `marks`, `timestamp`, `updated_at`, `created_at`) values (187, 2, 2, 19, 5, ?, 1, {"4":"70"}, 1752085800, 2025-07-10 13:23:36, 2025-07-10 13:23:36)) {"userId":2,"exception":"[object] (Illuminate\\Database\\QueryException(code: 23000): SQLSTATE[23000]: Integrity constraint violation: 1048 Column 'comment' cannot be null (SQL: insert into `gradebooks` (`student_id`, `class_id`, `section_id`, `session_id`, `exam_category_id`, `comment`, `school_id`, `marks`, `timestamp`, `updated_at`, `created_at`) values (187, 2, 2, 19, 5, ?, 1, {\"4\":\"70\"}, 1752085800, 2025-07-10 13:23:36, 2025-07-10 13:23:36)) at /home/siliconcpanel/public_html/edusws.appstime.in/vendor/laravel/framework/src/Illuminate/Database/Connection.php:759)
[stacktrace]
#0 /home/siliconcpanel/public_html/edusws.appstime.in/vendor/laravel/framework/src/Illuminate/Database/Connection.php(719): Illuminate\\Database\\Connection->runQueryCallback('insert into `gr...', Array, Object(Closure))
#1 /home/siliconcpanel/public_html/edusws.appstime.in/vendor/laravel/framework/src/Illuminate/Database/Connection.php(545): Illuminate\\Database\\Connection->run('insert into `gr...', Array, Object(Closure))
#2 /home/siliconcpanel/public_html/edusws.appstime.in/vendor/laravel/framework/src/Illuminate/Database/Connection.php(497): Illuminate\\Database\\Connection->statement('insert into `gr...', Array)
#3 /home/siliconcpanel/public_html/edusws.appstime.in/vendor/laravel/framework/src/Illuminate/Database/Query/Processors/Processor.php(32): Illuminate\\Database\\Connection->insert('insert into `gr...', Array)
#4 /home/siliconcpanel/public_html/edusws.appstime.in/vendor/laravel/framework/src/Illuminate/Database/Query/Builder.php(3246): Illuminate\\Database\\Query\\Processors\\Processor->processInsertGetId(Object(Illuminate\\Database\\Query\\Builder), 'insert into `gr...', Array, 'id')
#5 /home/siliconcpanel/public_html/edusws.appstime.in/vendor/laravel/framework/src/Illuminate/Database/Eloquent/Builder.php(1834): Illuminate\\Database\\Query\\Builder->insertGetId(Array, 'id')
#6 /home/siliconcpanel/public_html/edusws.appstime.in/vendor/laravel/framework/src/Illuminate/Database/Eloquent/Model.php(1220): Illuminate\\Database\\Eloquent\\Builder->__call('insertGetId', Array)
#7 /home/siliconcpanel/public_html/edusws.appstime.in/vendor/laravel/framework/src/Illuminate/Database/Eloquent/Model.php(1185): Illuminate\\Database\\Eloquent\\Model->insertAndSetId(Object(Illuminate\\Database\\Eloquent\\Builder), Array)
#8 /home/siliconcpanel/public_html/edusws.appstime.in/vendor/laravel/framework/src/Illuminate/Database/Eloquent/Model.php(1026): Illuminate\\Database\\Eloquent\\Model->performInsert(Object(Illuminate\\Database\\Eloquent\\Builder))
#9 /home/siliconcpanel/public_html/edusws.appstime.in/vendor/laravel/framework/src/Illuminate/Database/Eloquent/Builder.php(974): Illuminate\\Database\\Eloquent\\Model->save()
#10 /home/siliconcpanel/public_html/edusws.appstime.in/vendor/laravel/framework/src/Illuminate/Support/helpers.php(302): Illuminate\\Database\\Eloquent\\Builder->Illuminate\\Database\\Eloquent\\{closure}(Object(App\\Models\\Gradebook))
#11 /home/siliconcpanel/public_html/edusws.appstime.in/vendor/laravel/framework/src/Illuminate/Database/Eloquent/Builder.php(975): tap(Object(App\\Models\\Gradebook), Object(Closure))
#12 /home/siliconcpanel/public_html/edusws.appstime.in/vendor/laravel/framework/src/Illuminate/Support/Traits/ForwardsCalls.php(23): Illuminate\\Database\\Eloquent\\Builder->create(Array)
#13 /home/siliconcpanel/public_html/edusws.appstime.in/vendor/laravel/framework/src/Illuminate/Database/Eloquent/Model.php(2163): Illuminate\\Database\\Eloquent\\Model->forwardCallTo(Object(Illuminate\\Database\\Eloquent\\Builder), 'create', Array)
#14 /home/siliconcpanel/public_html/edusws.appstime.in/vendor/laravel/framework/src/Illuminate/Database/Eloquent/Model.php(2175): Illuminate\\Database\\Eloquent\\Model->__call('create', Array)
#15 /home/siliconcpanel/public_html/edusws.appstime.in/app/Http/Controllers/CommonController.php(249): Illuminate\\Database\\Eloquent\\Model::__callStatic('create', Array)
#16 /home/siliconcpanel/public_html/edusws.appstime.in/vendor/laravel/framework/src/Illuminate/Routing/Controller.php(54): App\\Http\\Controllers\\CommonController->markUpdate(Object(Illuminate\\Http\\Request))
#17 /home/siliconcpanel/public_html/edusws.appstime.in/vendor/laravel/framework/src/Illuminate/Routing/ControllerDispatcher.php(45): Illuminate\\Routing\\Controller->callAction('markUpdate', Array)
#18 /home/siliconcpanel/public_html/edusws.appstime.in/vendor/laravel/framework/src/Illuminate/Routing/Route.php(268): Illuminate\\Routing\\ControllerDispatcher->dispatch(Object(Illuminate\\Routing\\Route), Object(App\\Http\\Controllers\\CommonController), 'markUpdate')
#19 /home/siliconcpanel/public_html/edusws.appstime.in/vendor/laravel/framework/src/Illuminate/Routing/Route.php(211): Illuminate\\Routing\\Route->runController()
#20 /home/siliconcpanel/public_html/edusws.appstime.in/vendor/laravel/framework/src/Illuminate/Routing/Router.php(725): Illuminate\\Routing\\Route->run()
#21 /home/siliconcpanel/public_html/edusws.appstime.in/vendor/laravel/framework/src/Illuminate/Pipeline/Pipeline.php(141): Illuminate\\Routing\\Router->Illuminate\\Routing\\{closure}(Object(Illuminate\\Http\\Request))
#22 /home/siliconcpanel/public_html/edusws.appstime.in/vendor/laravel/framework/src/Illuminate/Routing/Middleware/SubstituteBindings.php(50): Illuminate\\Pipeline\\Pipeline->Illuminate\\Pipeline\\{closure}(Object(Illuminate\\Http\\Request))
#23 /home/siliconcpanel/public_html/edusws.appstime.in/vendor/laravel/framework/src/Illuminate/Pipeline/Pipeline.php(180): Illuminate\\Routing\\Middleware\\SubstituteBindings->handle(Object(Illuminate\\Http\\Request), Object(Closure))
#24 /home/siliconcpanel/public_html/edusws.appstime.in/vendor/laravel/framework/src/Illuminate/Auth/Middleware/Authenticate.php(44): Illuminate\\Pipeline\\Pipeline->Illuminate\\Pipeline\\{closure}(Object(Illuminate\\Http\\Request))
#25 /home/siliconcpanel/public_html/edusws.appstime.in/vendor/laravel/framework/src/Illuminate/Pipeline/Pipeline.php(180): Illuminate\\Auth\\Middleware\\Authenticate->handle(Object(Illuminate\\Http\\Request), Object(Closure))
#26 /home/siliconcpanel/public_html/edusws.appstime.in/vendor/laravel/framework/src/Illuminate/Foundation/Http/Middleware/VerifyCsrfToken.php(78): Illuminate\\Pipeline\\Pipeline->Illuminate\\Pipeline\\{closure}(Object(Illuminate\\Http\\Request))
#27 /home/siliconcpanel/public_html/edusws.appstime.in/vendor/laravel/framework/src/Illuminate/Pipeline/Pipeline.php(180): Illuminate\\Foundation\\Http\\Middleware\\VerifyCsrfToken->handle(Object(Illuminate\\Http\\Request), Object(Closure))
#28 /home/siliconcpanel/public_html/edusws.appstime.in/vendor/laravel/framework/src/Illuminate/View/Middleware/ShareErrorsFromSession.php(49): Illuminate\\Pipeline\\Pipeline->Illuminate\\Pipeline\\{closure}(Object(Illuminate\\Http\\Request))
#29 /home/siliconcpanel/public_html/edusws.appstime.in/vendor/laravel/framework/src/Illuminate/Pipeline/Pipeline.php(180): Illuminate\\View\\Middleware\\ShareErrorsFromSession->handle(Object(Illuminate\\Http\\Request), Object(Closure))
#30 /home/siliconcpanel/public_html/edusws.appstime.in/vendor/laravel/framework/src/Illuminate/Session/Middleware/StartSession.php(121): Illuminate\\Pipeline\\Pipeline->Illuminate\\Pipeline\\{closure}(Object(Illuminate\\Http\\Request))
#31 /home/siliconcpanel/public_html/edusws.appstime.in/vendor/laravel/framework/src/Illuminate/Session/Middleware/StartSession.php(64): Illuminate\\Session\\Middleware\\StartSession->handleStatefulRequest(Object(Illuminate\\Http\\Request), Object(Illuminate\\Session\\Store), Object(Closure))
#32 /home/siliconcpanel/public_html/edusws.appstime.in/vendor/laravel/framework/src/Illuminate/Pipeline/Pipeline.php(180): Illuminate\\Session\\Middleware\\StartSession->handle(Object(Illuminate\\Http\\Request), Object(Closure))
#33 /home/siliconcpanel/public_html/edusws.appstime.in/vendor/laravel/framework/src/Illuminate/Cookie/Middleware/AddQueuedCookiesToResponse.php(37): Illuminate\\Pipeline\\Pipeline->Illuminate\\Pipeline\\{closure}(Object(Illuminate\\Http\\Request))
#34 /home/siliconcpanel/public_html/edusws.appstime.in/vendor/laravel/framework/src/Illuminate/Pipeline/Pipeline.php(180): Illuminate\\Cookie\\Middleware\\AddQueuedCookiesToResponse->handle(Object(Illuminate\\Http\\Request), Object(Closure))
#35 /home/siliconcpanel/public_html/edusws.appstime.in/vendor/laravel/framework/src/Illuminate/Cookie/Middleware/EncryptCookies.php(67): Illuminate\\Pipeline\\Pipeline->Illuminate\\Pipeline\\{closure}(Object(Illuminate\\Http\\Request))
#36 /home/siliconcpanel/public_html/edusws.appstime.in/vendor/laravel/framework/src/Illuminate/Pipeline/Pipeline.php(180): Illuminate\\Cookie\\Middleware\\EncryptCookies->handle(Object(Illuminate\\Http\\Request), Object(Closure))
#37 /home/siliconcpanel/public_html/edusws.appstime.in/vendor/laravel/framework/src/Illuminate/Pipeline/Pipeline.php(116): Illuminate\\Pipeline\\Pipeline->Illuminate\\Pipeline\\{closure}(Object(Illuminate\\Http\\Request))
#38 /home/siliconcpanel/public_html/edusws.appstime.in/vendor/laravel/framework/src/Illuminate/Routing/Router.php(726): Illuminate\\Pipeline\\Pipeline->then(Object(Closure))
#39 /home/siliconcpanel/public_html/edusws.appstime.in/vendor/laravel/framework/src/Illuminate/Routing/Router.php(703): Illuminate\\Routing\\Router->runRouteWithinStack(Object(Illuminate\\Routing\\Route), Object(Illuminate\\Http\\Request))
#40 /home/siliconcpanel/public_html/edusws.appstime.in/vendor/laravel/framework/src/Illuminate/Routing/Router.php(667): Illuminate\\Routing\\Router->runRoute(Object(Illuminate\\Http\\Request), Object(Illuminate\\Routing\\Route))
#41 /home/siliconcpanel/public_html/edusws.appstime.in/vendor/laravel/framework/src/Illuminate/Routing/Router.php(656): Illuminate\\Routing\\Router->dispatchToRoute(Object(Illuminate\\Http\\Request))
#42 /home/siliconcpanel/public_html/edusws.appstime.in/vendor/laravel/framework/src/Illuminate/Foundation/Http/Kernel.php(167): Illuminate\\Routing\\Router->dispatch(Object(Illuminate\\Http\\Request))
#43 /home/siliconcpanel/public_html/edusws.appstime.in/vendor/laravel/framework/src/Illuminate/Pipeline/Pipeline.php(141): Illuminate\\Foundation\\Http\\Kernel->Illuminate\\Foundation\\Http\\{closure}(Object(Illuminate\\Http\\Request))
#44 /home/siliconcpanel/public_html/edusws.appstime.in/vendor/laravel/framework/src/Illuminate/Foundation/Http/Middleware/TransformsRequest.php(21): Illuminate\\Pipeline\\Pipeline->Illuminate\\Pipeline\\{closure}(Object(Illuminate\\Http\\Request))
#45 /home/siliconcpanel/public_html/edusws.appstime.in/vendor/laravel/framework/src/Illuminate/Foundation/Http/Middleware/ConvertEmptyStringsToNull.php(31): Illuminate\\Foundation\\Http\\Middleware\\TransformsRequest->handle(Object(Illuminate\\Http\\Request), Object(Closure))
#46 /home/siliconcpanel/public_html/edusws.appstime.in/vendor/laravel/framework/src/Illuminate/Pipeline/Pipeline.php(180): Illuminate\\Foundation\\Http\\Middleware\\ConvertEmptyStringsToNull->handle(Object(Illuminate\\Http\\Request), Object(Closure))
#47 /home/siliconcpanel/public_html/edusws.appstime.in/vendor/laravel/framework/src/Illuminate/Foundation/Http/Middleware/TransformsRequest.php(21): Illuminate\\Pipeline\\Pipeline->Illuminate\\Pipeline\\{closure}(Object(Illuminate\\Http\\Request))
#48 /home/siliconcpanel/public_html/edusws.appstime.in/vendor/laravel/framework/src/Illuminate/Foundation/Http/Middleware/TrimStrings.php(40): Illuminate\\Foundation\\Http\\Middleware\\TransformsRequest->handle(Object(Illuminate\\Http\\Request), Object(Closure))
#49 /home/siliconcpanel/public_html/edusws.appstime.in/vendor/laravel/framework/src/Illuminate/Pipeline/Pipeline.php(180): Illuminate\\Foundation\\Http\\Middleware\\TrimStrings->handle(Object(Illuminate\\Http\\Request), Object(Closure))
#50 /home/siliconcpanel/public_html/edusws.appstime.in/vendor/laravel/framework/src/Illuminate/Foundation/Http/Middleware/ValidatePostSize.php(27): Illuminate\\Pipeline\\Pipeline->Illuminate\\Pipeline\\{closure}(Object(Illuminate\\Http\\Request))
#51 /home/siliconcpanel/public_html/edusws.appstime.in/vendor/laravel/framework/src/Illuminate/Pipeline/Pipeline.php(180): Illuminate\\Foundation\\Http\\Middleware\\ValidatePostSize->handle(Object(Illuminate\\Http\\Request), Object(Closure))
#52 /home/siliconcpanel/public_html/edusws.appstime.in/vendor/laravel/framework/src/Illuminate/Foundation/Http/Middleware/PreventRequestsDuringMaintenance.php(86): Illuminate\\Pipeline\\Pipeline->Illuminate\\Pipeline\\{closure}(Object(Illuminate\\Http\\Request))
#53 /home/siliconcpanel/public_html/edusws.appstime.in/vendor/laravel/framework/src/Illuminate/Pipeline/Pipeline.php(180): Illuminate\\Foundation\\Http\\Middleware\\PreventRequestsDuringMaintenance->handle(Object(Illuminate\\Http\\Request), Object(Closure))
#54 /home/siliconcpanel/public_html/edusws.appstime.in/vendor/fruitcake/laravel-cors/src/HandleCors.php(38): Illuminate\\Pipeline\\Pipeline->Illuminate\\Pipeline\\{closure}(Object(Illuminate\\Http\\Request))
#55 /home/siliconcpanel/public_html/edusws.appstime.in/vendor/laravel/framework/src/Illuminate/Pipeline/Pipeline.php(180): Fruitcake\\Cors\\HandleCors->handle(Object(Illuminate\\Http\\Request), Object(Closure))
#56 /home/siliconcpanel/public_html/edusws.appstime.in/vendor/laravel/framework/src/Illuminate/Http/Middleware/TrustProxies.php(39): Illuminate\\Pipeline\\Pipeline->Illuminate\\Pipeline\\{closure}(Object(Illuminate\\Http\\Request))
#57 /home/siliconcpanel/public_html/edusws.appstime.in/vendor/laravel/framework/src/Illuminate/Pipeline/Pipeline.php(180): Illuminate\\Http\\Middleware\\TrustProxies->handle(Object(Illuminate\\Http\\Request), Object(Closure))
#58 /home/siliconcpanel/public_html/edusws.appstime.in/vendor/laravel/framework/src/Illuminate/Pipeline/Pipeline.php(116): Illuminate\\Pipeline\\Pipeline->Illuminate\\Pipeline\\{closure}(Object(Illuminate\\Http\\Request))
#59 /home/siliconcpanel/public_html/edusws.appstime.in/vendor/laravel/framework/src/Illuminate/Foundation/Http/Kernel.php(142): Illuminate\\Pipeline\\Pipeline->then(Object(Closure))
#60 /home/siliconcpanel/public_html/edusws.appstime.in/vendor/laravel/framework/src/Illuminate/Foundation/Http/Kernel.php(111): Illuminate\\Foundation\\Http\\Kernel->sendRequestThroughRouter(Object(Illuminate\\Http\\Request))
#61 /home/siliconcpanel/public_html/edusws.appstime.in/public/index.php(52): Illuminate\\Foundation\\Http\\Kernel->handle(Object(Illuminate\\Http\\Request))
#62 /home/siliconcpanel/public_html/edusws.appstime.in/index.php(441): require_once('/home/siliconcp...')
#63 {main}

[previous exception] [object] (PDOException(code: 23000): SQLSTATE[23000]: Integrity constraint violation: 1048 Column 'comment' cannot be null at /home/siliconcpanel/public_html/edusws.appstime.in/vendor/laravel/framework/src/Illuminate/Database/Connection.php:544)
[stacktrace]
#0 /home/siliconcpanel/public_html/edusws.appstime.in/vendor/laravel/framework/src/Illuminate/Database/Connection.php(544): PDOStatement->execute()
#1 /home/siliconcpanel/public_html/edusws.appstime.in/vendor/laravel/framework/src/Illuminate/Database/Connection.php(752): Illuminate\\Database\\Connection->Illuminate\\Database\\{closure}('insert into `gr...', Array)
#2 /home/siliconcpanel/public_html/edusws.appstime.in/vendor/laravel/framework/src/Illuminate/Database/Connection.php(719): Illuminate\\Database\\Connection->runQueryCallback('insert into `gr...', Array, Object(Closure))
#3 /home/siliconcpanel/public_html/edusws.appstime.in/vendor/laravel/framework/src/Illuminate/Database/Connection.php(545): Illuminate\\Database\\Connection->run('insert into `gr...', Array, Object(Closure))
#4 /home/siliconcpanel/public_html/edusws.appstime.in/vendor/laravel/framework/src/Illuminate/Database/Connection.php(497): Illuminate\\Database\\Connection->statement('insert into `gr...', Array)
#5 /home/siliconcpanel/public_html/edusws.appstime.in/vendor/laravel/framework/src/Illuminate/Database/Query/Processors/Processor.php(32): Illuminate\\Database\\Connection->insert('insert into `gr...', Array)
#6 /home/siliconcpanel/public_html/edusws.appstime.in/vendor/laravel/framework/src/Illuminate/Database/Query/Builder.php(3246): Illuminate\\Database\\Query\\Processors\\Processor->processInsertGetId(Object(Illuminate\\Database\\Query\\Builder), 'insert into `gr...', Array, 'id')
#7 /home/siliconcpanel/public_html/edusws.appstime.in/vendor/laravel/framework/src/Illuminate/Database/Eloquent/Builder.php(1834): Illuminate\\Database\\Query\\Builder->insertGetId(Array, 'id')
#8 /home/siliconcpanel/public_html/edusws.appstime.in/vendor/laravel/framework/src/Illuminate/Database/Eloquent/Model.php(1220): Illuminate\\Database\\Eloquent\\Builder->__call('insertGetId', Array)
#9 /home/siliconcpanel/public_html/edusws.appstime.in/vendor/laravel/framework/src/Illuminate/Database/Eloquent/Model.php(1185): Illuminate\\Database\\Eloquent\\Model->insertAndSetId(Object(Illuminate\\Database\\Eloquent\\Builder), Array)
#10 /home/siliconcpanel/public_html/edusws.appstime.in/vendor/laravel/framework/src/Illuminate/Database/Eloquent/Model.php(1026): Illuminate\\Database\\Eloquent\\Model->performInsert(Object(Illuminate\\Database\\Eloquent\\Builder))
#11 /home/siliconcpanel/public_html/edusws.appstime.in/vendor/laravel/framework/src/Illuminate/Database/Eloquent/Builder.php(974): Illuminate\\Database\\Eloquent\\Model->save()
#12 /home/siliconcpanel/public_html/edusws.appstime.in/vendor/laravel/framework/src/Illuminate/Support/helpers.php(302): Illuminate\\Database\\Eloquent\\Builder->Illuminate\\Database\\Eloquent\\{closure}(Object(App\\Models\\Gradebook))
#13 /home/siliconcpanel/public_html/edusws.appstime.in/vendor/laravel/framework/src/Illuminate/Database/Eloquent/Builder.php(975): tap(Object(App\\Models\\Gradebook), Object(Closure))
#14 /home/siliconcpanel/public_html/edusws.appstime.in/vendor/laravel/framework/src/Illuminate/Support/Traits/ForwardsCalls.php(23): Illuminate\\Database\\Eloquent\\Builder->create(Array)
#15 /home/siliconcpanel/public_html/edusws.appstime.in/vendor/laravel/framework/src/Illuminate/Database/Eloquent/Model.php(2163): Illuminate\\Database\\Eloquent\\Model->forwardCallTo(Object(Illuminate\\Database\\Eloquent\\Builder), 'create', Array)
#16 /home/siliconcpanel/public_html/edusws.appstime.in/vendor/laravel/framework/src/Illuminate/Database/Eloquent/Model.php(2175): Illuminate\\Database\\Eloquent\\Model->__call('create', Array)
#17 /home/siliconcpanel/public_html/edusws.appstime.in/app/Http/Controllers/CommonController.php(249): Illuminate\\Database\\Eloquent\\Model::__callStatic('create', Array)
#18 /home/siliconcpanel/public_html/edusws.appstime.in/vendor/laravel/framework/src/Illuminate/Routing/Controller.php(54): App\\Http\\Controllers\\CommonController->markUpdate(Object(Illuminate\\Http\\Request))
#19 /home/siliconcpanel/public_html/edusws.appstime.in/vendor/laravel/framework/src/Illuminate/Routing/ControllerDispatcher.php(45): Illuminate\\Routing\\Controller->callAction('markUpdate', Array)
#20 /home/siliconcpanel/public_html/edusws.appstime.in/vendor/laravel/framework/src/Illuminate/Routing/Route.php(268): Illuminate\\Routing\\ControllerDispatcher->dispatch(Object(Illuminate\\Routing\\Route), Object(App\\Http\\Controllers\\CommonController), 'markUpdate')
#21 /home/siliconcpanel/public_html/edusws.appstime.in/vendor/laravel/framework/src/Illuminate/Routing/Route.php(211): Illuminate\\Routing\\Route->runController()
#22 /home/siliconcpanel/public_html/edusws.appstime.in/vendor/laravel/framework/src/Illuminate/Routing/Router.php(725): Illuminate\\Routing\\Route->run()
#23 /home/siliconcpanel/public_html/edusws.appstime.in/vendor/laravel/framework/src/Illuminate/Pipeline/Pipeline.php(141): Illuminate\\Routing\\Router->Illuminate\\Routing\\{closure}(Object(Illuminate\\Http\\Request))
#24 /home/siliconcpanel/public_html/edusws.appstime.in/vendor/laravel/framework/src/Illuminate/Routing/Middleware/SubstituteBindings.php(50): Illuminate\\Pipeline\\Pipeline->Illuminate\\Pipeline\\{closure}(Object(Illuminate\\Http\\Request))
#25 /home/siliconcpanel/public_html/edusws.appstime.in/vendor/laravel/framework/src/Illuminate/Pipeline/Pipeline.php(180): Illuminate\\Routing\\Middleware\\SubstituteBindings->handle(Object(Illuminate\\Http\\Request), Object(Closure))
#26 /home/siliconcpanel/public_html/edusws.appstime.in/vendor/laravel/framework/src/Illuminate/Auth/Middleware/Authenticate.php(44): Illuminate\\Pipeline\\Pipeline->Illuminate\\Pipeline\\{closure}(Object(Illuminate\\Http\\Request))
#27 /home/siliconcpanel/public_html/edusws.appstime.in/vendor/laravel/framework/src/Illuminate/Pipeline/Pipeline.php(180): Illuminate\\Auth\\Middleware\\Authenticate->handle(Object(Illuminate\\Http\\Request), Object(Closure))
#28 /home/siliconcpanel/public_html/edusws.appstime.in/vendor/laravel/framework/src/Illuminate/Foundation/Http/Middleware/VerifyCsrfToken.php(78): Illuminate\\Pipeline\\Pipeline->Illuminate\\Pipeline\\{closure}(Object(Illuminate\\Http\\Request))
#29 /home/siliconcpanel/public_html/edusws.appstime.in/vendor/laravel/framework/src/Illuminate/Pipeline/Pipeline.php(180): Illuminate\\Foundation\\Http\\Middleware\\VerifyCsrfToken->handle(Object(Illuminate\\Http\\Request), Object(Closure))
#30 /home/siliconcpanel/public_html/edusws.appstime.in/vendor/laravel/framework/src/Illuminate/View/Middleware/ShareErrorsFromSession.php(49): Illuminate\\Pipeline\\Pipeline->Illuminate\\Pipeline\\{closure}(Object(Illuminate\\Http\\Request))
#31 /home/siliconcpanel/public_html/edusws.appstime.in/vendor/laravel/framework/src/Illuminate/Pipeline/Pipeline.php(180): Illuminate\\View\\Middleware\\ShareErrorsFromSession->handle(Object(Illuminate\\Http\\Request), Object(Closure))
#32 /home/siliconcpanel/public_html/edusws.appstime.in/vendor/laravel/framework/src/Illuminate/Session/Middleware/StartSession.php(121): Illuminate\\Pipeline\\Pipeline->Illuminate\\Pipeline\\{closure}(Object(Illuminate\\Http\\Request))
#33 /home/siliconcpanel/public_html/edusws.appstime.in/vendor/laravel/framework/src/Illuminate/Session/Middleware/StartSession.php(64): Illuminate\\Session\\Middleware\\StartSession->handleStatefulRequest(Object(Illuminate\\Http\\Request), Object(Illuminate\\Session\\Store), Object(Closure))
#34 /home/siliconcpanel/public_html/edusws.appstime.in/vendor/laravel/framework/src/Illuminate/Pipeline/Pipeline.php(180): Illuminate\\Session\\Middleware\\StartSession->handle(Object(Illuminate\\Http\\Request), Object(Closure))
#35 /home/siliconcpanel/public_html/edusws.appstime.in/vendor/laravel/framework/src/Illuminate/Cookie/Middleware/AddQueuedCookiesToResponse.php(37): Illuminate\\Pipeline\\Pipeline->Illuminate\\Pipeline\\{closure}(Object(Illuminate\\Http\\Request))
#36 /home/siliconcpanel/public_html/edusws.appstime.in/vendor/laravel/framework/src/Illuminate/Pipeline/Pipeline.php(180): Illuminate\\Cookie\\Middleware\\AddQueuedCookiesToResponse->handle(Object(Illuminate\\Http\\Request), Object(Closure))
#37 /home/siliconcpanel/public_html/edusws.appstime.in/vendor/laravel/framework/src/Illuminate/Cookie/Middleware/EncryptCookies.php(67): Illuminate\\Pipeline\\Pipeline->Illuminate\\Pipeline\\{closure}(Object(Illuminate\\Http\\Request))
#38 /home/siliconcpanel/public_html/edusws.appstime.in/vendor/laravel/framework/src/Illuminate/Pipeline/Pipeline.php(180): Illuminate\\Cookie\\Middleware\\EncryptCookies->handle(Object(Illuminate\\Http\\Request), Object(Closure))
#39 /home/siliconcpanel/public_html/edusws.appstime.in/vendor/laravel/framework/src/Illuminate/Pipeline/Pipeline.php(116): Illuminate\\Pipeline\\Pipeline->Illuminate\\Pipeline\\{closure}(Object(Illuminate\\Http\\Request))
#40 /home/siliconcpanel/public_html/edusws.appstime.in/vendor/laravel/framework/src/Illuminate/Routing/Router.php(726): Illuminate\\Pipeline\\Pipeline->then(Object(Closure))
#41 /home/siliconcpanel/public_html/edusws.appstime.in/vendor/laravel/framework/src/Illuminate/Routing/Router.php(703): Illuminate\\Routing\\Router->runRouteWithinStack(Object(Illuminate\\Routing\\Route), Object(Illuminate\\Http\\Request))
#42 /home/siliconcpanel/public_html/edusws.appstime.in/vendor/laravel/framework/src/Illuminate/Routing/Router.php(667): Illuminate\\Routing\\Router->runRoute(Object(Illuminate\\Http\\Request), Object(Illuminate\\Routing\\Route))
#43 /home/siliconcpanel/public_html/edusws.appstime.in/vendor/laravel/framework/src/Illuminate/Routing/Router.php(656): Illuminate\\Routing\\Router->dispatchToRoute(Object(Illuminate\\Http\\Request))
#44 /home/siliconcpanel/public_html/edusws.appstime.in/vendor/laravel/framework/src/Illuminate/Foundation/Http/Kernel.php(167): Illuminate\\Routing\\Router->dispatch(Object(Illuminate\\Http\\Request))
#45 /home/siliconcpanel/public_html/edusws.appstime.in/vendor/laravel/framework/src/Illuminate/Pipeline/Pipeline.php(141): Illuminate\\Foundation\\Http\\Kernel->Illuminate\\Foundation\\Http\\{closure}(Object(Illuminate\\Http\\Request))
#46 /home/siliconcpanel/public_html/edusws.appstime.in/vendor/laravel/framework/src/Illuminate/Foundation/Http/Middleware/TransformsRequest.php(21): Illuminate\\Pipeline\\Pipeline->Illuminate\\Pipeline\\{closure}(Object(Illuminate\\Http\\Request))
#47 /home/siliconcpanel/public_html/edusws.appstime.in/vendor/laravel/framework/src/Illuminate/Foundation/Http/Middleware/ConvertEmptyStringsToNull.php(31): Illuminate\\Foundation\\Http\\Middleware\\TransformsRequest->handle(Object(Illuminate\\Http\\Request), Object(Closure))
#48 /home/siliconcpanel/public_html/edusws.appstime.in/vendor/laravel/framework/src/Illuminate/Pipeline/Pipeline.php(180): Illuminate\\Foundation\\Http\\Middleware\\ConvertEmptyStringsToNull->handle(Object(Illuminate\\Http\\Request), Object(Closure))
#49 /home/siliconcpanel/public_html/edusws.appstime.in/vendor/laravel/framework/src/Illuminate/Foundation/Http/Middleware/TransformsRequest.php(21): Illuminate\\Pipeline\\Pipeline->Illuminate\\Pipeline\\{closure}(Object(Illuminate\\Http\\Request))
#50 /home/siliconcpanel/public_html/edusws.appstime.in/vendor/laravel/framework/src/Illuminate/Foundation/Http/Middleware/TrimStrings.php(40): Illuminate\\Foundation\\Http\\Middleware\\TransformsRequest->handle(Object(Illuminate\\Http\\Request), Object(Closure))
#51 /home/siliconcpanel/public_html/edusws.appstime.in/vendor/laravel/framework/src/Illuminate/Pipeline/Pipeline.php(180): Illuminate\\Foundation\\Http\\Middleware\\TrimStrings->handle(Object(Illuminate\\Http\\Request), Object(Closure))
#52 /home/siliconcpanel/public_html/edusws.appstime.in/vendor/laravel/framework/src/Illuminate/Foundation/Http/Middleware/ValidatePostSize.php(27): Illuminate\\Pipeline\\Pipeline->Illuminate\\Pipeline\\{closure}(Object(Illuminate\\Http\\Request))
#53 /home/siliconcpanel/public_html/edusws.appstime.in/vendor/laravel/framework/src/Illuminate/Pipeline/Pipeline.php(180): Illuminate\\Foundation\\Http\\Middleware\\ValidatePostSize->handle(Object(Illuminate\\Http\\Request), Object(Closure))
#54 /home/siliconcpanel/public_html/edusws.appstime.in/vendor/laravel/framework/src/Illuminate/Foundation/Http/Middleware/PreventRequestsDuringMaintenance.php(86): Illuminate\\Pipeline\\Pipeline->Illuminate\\Pipeline\\{closure}(Object(Illuminate\\Http\\Request))
#55 /home/siliconcpanel/public_html/edusws.appstime.in/vendor/laravel/framework/src/Illuminate/Pipeline/Pipeline.php(180): Illuminate\\Foundation\\Http\\Middleware\\PreventRequestsDuringMaintenance->handle(Object(Illuminate\\Http\\Request), Object(Closure))
#56 /home/siliconcpanel/public_html/edusws.appstime.in/vendor/fruitcake/laravel-cors/src/HandleCors.php(38): Illuminate\\Pipeline\\Pipeline->Illuminate\\Pipeline\\{closure}(Object(Illuminate\\Http\\Request))
#57 /home/siliconcpanel/public_html/edusws.appstime.in/vendor/laravel/framework/src/Illuminate/Pipeline/Pipeline.php(180): Fruitcake\\Cors\\HandleCors->handle(Object(Illuminate\\Http\\Request), Object(Closure))
#58 /home/siliconcpanel/public_html/edusws.appstime.in/vendor/laravel/framework/src/Illuminate/Http/Middleware/TrustProxies.php(39): Illuminate\\Pipeline\\Pipeline->Illuminate\\Pipeline\\{closure}(Object(Illuminate\\Http\\Request))
#59 /home/siliconcpanel/public_html/edusws.appstime.in/vendor/laravel/framework/src/Illuminate/Pipeline/Pipeline.php(180): Illuminate\\Http\\Middleware\\TrustProxies->handle(Object(Illuminate\\Http\\Request), Object(Closure))
#60 /home/siliconcpanel/public_html/edusws.appstime.in/vendor/laravel/framework/src/Illuminate/Pipeline/Pipeline.php(116): Illuminate\\Pipeline\\Pipeline->Illuminate\\Pipeline\\{closure}(Object(Illuminate\\Http\\Request))
#61 /home/siliconcpanel/public_html/edusws.appstime.in/vendor/laravel/framework/src/Illuminate/Foundation/Http/Kernel.php(142): Illuminate\\Pipeline\\Pipeline->then(Object(Closure))
#62 /home/siliconcpanel/public_html/edusws.appstime.in/vendor/laravel/framework/src/Illuminate/Foundation/Http/Kernel.php(111): Illuminate\\Foundation\\Http\\Kernel->sendRequestThroughRouter(Object(Illuminate\\Http\\Request))
#63 /home/siliconcpanel/public_html/edusws.appstime.in/public/index.php(52): Illuminate\\Foundation\\Http\\Kernel->handle(Object(Illuminate\\Http\\Request))
#64 /home/siliconcpanel/public_html/edusws.appstime.in/index.php(441): require_once('/home/siliconcp...')
#65 {main}
"} 
[2025-07-11 11:42:21] local.INFO: ðŸ” Checking attendance {"class_id":1,"school_id":1,"session_id":19,"today_date":"2025-07-11"} 
[2025-07-11 11:42:21] local.INFO: âœ… Attendance found {"class_id":1,"count":0} 
[2025-07-11 11:42:21] local.INFO: ðŸ“Š Pushing class attendance {"class_name":"Class 1","today_attended":0} 
[2025-07-11 11:42:21] local.INFO: ðŸ” Checking attendance {"class_id":2,"school_id":1,"session_id":19,"today_date":"2025-07-11"} 
[2025-07-11 11:42:21] local.INFO: âœ… Attendance found {"class_id":2,"count":0} 
[2025-07-11 11:42:21] local.INFO: ðŸ“Š Pushing class attendance {"class_name":"Class 2","today_attended":0} 
[2025-07-11 11:42:21] local.INFO: ðŸ” Checking attendance {"class_id":3,"school_id":1,"session_id":19,"today_date":"2025-07-11"} 
[2025-07-11 11:42:21] local.INFO: âœ… Attendance found {"class_id":3,"count":0} 
[2025-07-11 11:42:21] local.INFO: ðŸ“Š Pushing class attendance {"class_name":"Class 3","today_attended":0} 
[2025-07-11 11:42:21] local.INFO: ðŸ” Checking attendance {"class_id":4,"school_id":1,"session_id":19,"today_date":"2025-07-11"} 
[2025-07-11 11:42:21] local.INFO: âœ… Attendance found {"class_id":4,"count":0} 
[2025-07-11 11:42:21] local.INFO: ðŸ“Š Pushing class attendance {"class_name":"Class 4","today_attended":0} 
[2025-07-11 11:42:21] local.INFO: ðŸ” Checking attendance {"class_id":5,"school_id":1,"session_id":19,"today_date":"2025-07-11"} 
[2025-07-11 11:42:21] local.INFO: âœ… Attendance found {"class_id":5,"count":0} 
[2025-07-11 11:42:21] local.INFO: ðŸ“Š Pushing class attendance {"class_name":"Class 5","today_attended":0} 
[2025-07-11 11:42:21] local.INFO: ðŸ” Checking attendance {"class_id":6,"school_id":1,"session_id":19,"today_date":"2025-07-11"} 
[2025-07-11 11:42:21] local.INFO: âœ… Attendance found {"class_id":6,"count":0} 
[2025-07-11 11:42:21] local.INFO: ðŸ“Š Pushing class attendance {"class_name":"Class 6","today_attended":0} 
[2025-07-11 11:42:21] local.INFO: ðŸ” Checking attendance {"class_id":7,"school_id":1,"session_id":19,"today_date":"2025-07-11"} 
[2025-07-11 11:42:21] local.INFO: âœ… Attendance found {"class_id":7,"count":0} 
[2025-07-11 11:42:21] local.INFO: ðŸ“Š Pushing class attendance {"class_name":"Class 7","today_attended":0} 
[2025-07-11 11:42:21] local.INFO: ðŸ” Checking attendance {"class_id":8,"school_id":1,"session_id":19,"today_date":"2025-07-11"} 
[2025-07-11 11:42:21] local.INFO: âœ… Attendance found {"class_id":8,"count":0} 
[2025-07-11 11:42:21] local.INFO: ðŸ“Š Pushing class attendance {"class_name":"Class 8","today_attended":0} 
[2025-07-11 11:42:21] local.INFO: ðŸ” Checking attendance {"class_id":9,"school_id":1,"session_id":19,"today_date":"2025-07-11"} 
[2025-07-11 11:42:21] local.INFO: âœ… Attendance found {"class_id":9,"count":0} 
[2025-07-11 11:42:21] local.INFO: ðŸ“Š Pushing class attendance {"class_name":"Class9","today_attended":0} 
[2025-07-11 11:42:21] local.INFO: ðŸ” Checking attendance {"class_id":10,"school_id":1,"session_id":19,"today_date":"2025-07-11"} 
[2025-07-11 11:42:21] local.INFO: âœ… Attendance found {"class_id":10,"count":0} 
[2025-07-11 11:42:21] local.INFO: ðŸ“Š Pushing class attendance {"class_name":"Class 10","today_attended":0} 
[2025-07-11 11:42:21] local.INFO: ðŸ” Checking attendance {"class_id":11,"school_id":1,"session_id":19,"today_date":"2025-07-11"} 
[2025-07-11 11:42:21] local.INFO: âœ… Attendance found {"class_id":11,"count":0} 
[2025-07-11 11:42:21] local.INFO: ðŸ“Š Pushing class attendance {"class_name":"Class 11","today_attended":0} 
[2025-07-11 11:42:21] local.INFO: ðŸ” Checking attendance {"class_id":12,"school_id":1,"session_id":19,"today_date":"2025-07-11"} 
[2025-07-11 11:42:21] local.INFO: âœ… Attendance found {"class_id":12,"count":0} 
[2025-07-11 11:42:21] local.INFO: ðŸ“Š Pushing class attendance {"class_name":"Class 12","today_attended":0} 
[2025-07-11 11:42:21] local.INFO: ðŸ” Checking attendance {"class_id":28,"school_id":1,"session_id":19,"today_date":"2025-07-11"} 
[2025-07-11 11:42:21] local.INFO: âœ… Attendance found {"class_id":28,"count":0} 
[2025-07-11 11:42:21] local.INFO: ðŸ“Š Pushing class attendance {"class_name":"Nursery","today_attended":0} 
[2025-07-11 11:42:21] local.INFO: ðŸ” Checking attendance {"class_id":29,"school_id":1,"session_id":19,"today_date":"2025-07-11"} 
[2025-07-11 11:42:21] local.INFO: âœ… Attendance found {"class_id":29,"count":0} 
[2025-07-11 11:42:21] local.INFO: ðŸ“Š Pushing class attendance {"class_name":"LKG","today_attended":0} 
[2025-07-11 11:42:21] local.INFO: ðŸ” Checking attendance {"class_id":30,"school_id":1,"session_id":19,"today_date":"2025-07-11"} 
[2025-07-11 11:42:21] local.INFO: âœ… Attendance found {"class_id":30,"count":0} 
[2025-07-11 11:42:21] local.INFO: ðŸ“Š Pushing class attendance {"class_name":"UKG","today_attended":0} 
